<?xml version="1.0" encoding="UTF-8"?>
<testsuite name="edu.sdsu.cs.datastructures.CirArrayListTest" time="0.078" tests="13" errors="0" skipped="0" failures="12">
  <properties>
    <property name="java.runtime.name" value="OpenJDK Runtime Environment"/>
    <property name="sun.boot.library.path" value="/usr/lib/jvm/java-8-openjdk-amd64/jre/lib/amd64"/>
    <property name="java.vm.version" value="25.131-b11"/>
    <property name="java.vm.vendor" value="Oracle Corporation"/>
    <property name="maven.multiModuleProjectDirectory" value="/home/ender/working"/>
    <property name="java.vendor.url" value="http://java.oracle.com/"/>
    <property name="path.separator" value=":"/>
    <property name="guice.disable.misplaced.annotation.check" value="true"/>
    <property name="java.vm.name" value="OpenJDK 64-Bit Server VM"/>
    <property name="file.encoding.pkg" value="sun.io"/>
    <property name="user.country" value="US"/>
    <property name="sun.java.launcher" value="SUN_STANDARD"/>
    <property name="sun.os.patch.level" value="unknown"/>
    <property name="java.vm.specification.name" value="Java Virtual Machine Specification"/>
    <property name="user.dir" value="/home/ender/working"/>
    <property name="java.runtime.version" value="1.8.0_131-8u131-b11-2ubuntu1.16.04.3-b11"/>
    <property name="java.awt.graphicsenv" value="sun.awt.X11GraphicsEnvironment"/>
    <property name="java.endorsed.dirs" value="/usr/lib/jvm/java-8-openjdk-amd64/jre/lib/endorsed"/>
    <property name="os.arch" value="amd64"/>
    <property name="java.io.tmpdir" value="/tmp"/>
    <property name="line.separator" value="&#10;"/>
    <property name="java.vm.specification.vendor" value="Oracle Corporation"/>
    <property name="os.name" value="Linux"/>
    <property name="classworlds.conf" value="/usr/share/maven/bin/m2.conf"/>
    <property name="sun.jnu.encoding" value="UTF-8"/>
    <property name="java.library.path" value="/usr/java/packages/lib/amd64:/usr/lib/x86_64-linux-gnu/jni:/lib/x86_64-linux-gnu:/usr/lib/x86_64-linux-gnu:/usr/lib/jni:/lib:/usr/lib"/>
    <property name="java.specification.name" value="Java Platform API Specification"/>
    <property name="java.class.version" value="52.0"/>
    <property name="sun.management.compiler" value="HotSpot 64-Bit Tiered Compilers"/>
    <property name="os.version" value="4.8.0-53-generic"/>
    <property name="user.home" value="/home/ender"/>
    <property name="user.timezone" value="America/Los_Angeles"/>
    <property name="java.awt.printerjob" value="sun.print.PSPrinterJob"/>
    <property name="file.encoding" value="UTF-8"/>
    <property name="java.specification.version" value="1.8"/>
    <property name="user.name" value="ender"/>
    <property name="java.class.path" value="/usr/share/maven/boot/plexus-classworlds-2.x.jar"/>
    <property name="java.vm.specification.version" value="1.8"/>
    <property name="sun.arch.data.model" value="64"/>
    <property name="java.home" value="/usr/lib/jvm/java-8-openjdk-amd64/jre"/>
    <property name="sun.java.command" value="org.codehaus.plexus.classworlds.launcher.Launcher package"/>
    <property name="java.specification.vendor" value="Oracle Corporation"/>
    <property name="user.language" value="en"/>
    <property name="awt.toolkit" value="sun.awt.X11.XToolkit"/>
    <property name="java.vm.info" value="mixed mode"/>
    <property name="java.version" value="1.8.0_131"/>
    <property name="java.ext.dirs" value="/usr/lib/jvm/java-8-openjdk-amd64/jre/lib/ext:/usr/java/packages/lib/ext"/>
    <property name="securerandom.source" value="file:/dev/./urandom"/>
    <property name="sun.boot.class.path" value="/usr/lib/jvm/java-8-openjdk-amd64/jre/lib/resources.jar:/usr/lib/jvm/java-8-openjdk-amd64/jre/lib/rt.jar:/usr/lib/jvm/java-8-openjdk-amd64/jre/lib/sunrsasign.jar:/usr/lib/jvm/java-8-openjdk-amd64/jre/lib/jsse.jar:/usr/lib/jvm/java-8-openjdk-amd64/jre/lib/jce.jar:/usr/lib/jvm/java-8-openjdk-amd64/jre/lib/charsets.jar:/usr/lib/jvm/java-8-openjdk-amd64/jre/lib/jfr.jar:/usr/lib/jvm/java-8-openjdk-amd64/jre/classes"/>
    <property name="java.vendor" value="Oracle Corporation"/>
    <property name="maven.home" value="/usr/share/maven"/>
    <property name="file.separator" value="/"/>
    <property name="java.vendor.url.bug" value="http://bugreport.sun.com/bugreport/"/>
    <property name="sun.cpu.endian" value="little"/>
    <property name="sun.io.unicode.encoding" value="UnicodeLittle"/>
    <property name="sun.desktop" value="gnome"/>
    <property name="sun.cpu.isalist" value=""/>
  </properties>
  <testcase name="test_clear_middleLeavingEnds_onlyValidItems" classname="edu.sdsu.cs.datastructures.CirArrayListTest" time="0">
    <failure type="junit.framework.AssertionFailedError:">junit.framework.AssertionFailedError: null
	at junit.framework.Assert.fail(Assert.java:55)
	at junit.framework.Assert.assertTrue(Assert.java:22)
	at junit.framework.Assert.assertTrue(Assert.java:31)
	at junit.framework.TestCase.assertTrue(TestCase.java:201)
	at edu.sdsu.cs.datastructures.CirArrayListTest.test_clear_middleLeavingEnds_onlyValidItems(CirArrayListTest.java:186)
</failure>
  </testcase>
  <testcase name="test_remove_oddValuesFromList_nonePresent" classname="edu.sdsu.cs.datastructures.CirArrayListTest" time="0.062">
    <failure type="junit.framework.AssertionFailedError:">junit.framework.AssertionFailedError: null
	at junit.framework.Assert.fail(Assert.java:55)
	at junit.framework.Assert.assertTrue(Assert.java:22)
	at junit.framework.Assert.assertTrue(Assert.java:31)
	at junit.framework.TestCase.assertTrue(TestCase.java:201)
	at edu.sdsu.cs.datastructures.CirArrayListTest.test_remove_oddValuesFromList_nonePresent(CirArrayListTest.java:176)
</failure>
  </testcase>
  <testcase name="test_add_manySingleItems_correctContents" classname="edu.sdsu.cs.datastructures.CirArrayListTest" time="0.009">
    <failure message="expected:&lt;33554433&gt; but was:&lt;1&gt;" type="junit.framework.AssertionFailedError"><![CDATA[junit.framework.AssertionFailedError: expected:<33554433> but was:<1>
	at junit.framework.Assert.fail(Assert.java:57)
	at junit.framework.Assert.failNotEquals(Assert.java:329)
	at junit.framework.Assert.assertEquals(Assert.java:78)
	at junit.framework.Assert.assertEquals(Assert.java:234)
	at junit.framework.Assert.assertEquals(Assert.java:241)
	at junit.framework.TestCase.assertEquals(TestCase.java:409)
	at edu.sdsu.cs.datastructures.CirArrayListTest.test_add_manySingleItems_correctContents(CirArrayListTest.java:120)
]]></failure>
  </testcase>
  <testcase name="test_constructorDefault_initializedCorrectly" classname="edu.sdsu.cs.datastructures.CirArrayListTest" time="0"/>
  <testcase name="test_set_indexOutOfBounds_exceptionThrown" classname="edu.sdsu.cs.datastructures.CirArrayListTest" time="0.001">
    <failure message="IndexOutOfBoundsException expected for index &lt; 0" type="junit.framework.AssertionFailedError"><![CDATA[junit.framework.AssertionFailedError: IndexOutOfBoundsException expected for index < 0
	at junit.framework.Assert.fail(Assert.java:57)
	at junit.framework.TestCase.fail(TestCase.java:227)
	at edu.sdsu.cs.datastructures.CirArrayListTest.test_set_indexOutOfBounds_exceptionThrown(CirArrayListTest.java:195)
]]></failure>
  </testcase>
  <testcase name="test_constructorCollection_initializedCorrectly" classname="edu.sdsu.cs.datastructures.CirArrayListTest" time="0.001">
    <failure message="&#10;Expected: is &lt;2048&gt;&#10;     but: was &lt;0&gt;" type="java.lang.AssertionError"><![CDATA[java.lang.AssertionError: 
Expected: is <2048>
     but: was <0>
	at org.hamcrest.MatcherAssert.assertThat(MatcherAssert.java:20)
	at org.junit.Assert.assertThat(Assert.java:865)
	at org.junit.Assert.assertThat(Assert.java:832)
	at edu.sdsu.cs.datastructures.CirArrayListTest.test_constructorCollection_initializedCorrectly(CirArrayListTest.java:57)
]]></failure>
  </testcase>
  <testcase name="test_remove_allContents_correctRemovedElementAndSize" classname="edu.sdsu.cs.datastructures.CirArrayListTest" time="0.001">
    <failure message="&#10;Expected: is &lt;0&gt;&#10;     but: was null" type="java.lang.AssertionError"><![CDATA[java.lang.AssertionError: 
Expected: is <0>
     but: was null
	at org.hamcrest.MatcherAssert.assertThat(MatcherAssert.java:20)
	at org.junit.Assert.assertThat(Assert.java:865)
	at org.junit.Assert.assertThat(Assert.java:832)
	at edu.sdsu.cs.datastructures.CirArrayListTest.test_remove_allContents_correctRemovedElementAndSize(CirArrayListTest.java:144)
]]></failure>
  </testcase>
  <testcase name="test_set_sequentialValues_contentsCorrect" classname="edu.sdsu.cs.datastructures.CirArrayListTest" time="0.001">
    <failure message="expected:&lt;0&gt; but was:&lt;2048&gt;" type="junit.framework.AssertionFailedError"><![CDATA[junit.framework.AssertionFailedError: expected:<0> but was:<2048>
	at junit.framework.Assert.fail(Assert.java:57)
	at junit.framework.Assert.failNotEquals(Assert.java:329)
	at junit.framework.Assert.assertEquals(Assert.java:78)
	at junit.framework.Assert.assertEquals(Assert.java:234)
	at junit.framework.Assert.assertEquals(Assert.java:241)
	at junit.framework.TestCase.assertEquals(TestCase.java:409)
	at edu.sdsu.cs.datastructures.CirArrayListTest.test_set_sequentialValues_contentsCorrect(CirArrayListTest.java:156)
]]></failure>
  </testcase>
  <testcase name="test_add_startEmptyFrontPosition_contentsCorrect" classname="edu.sdsu.cs.datastructures.CirArrayListTest" time="0.001">
    <failure message="&#10;Expected: is &lt;2047&gt;&#10;     but: was null" type="java.lang.AssertionError"><![CDATA[java.lang.AssertionError: 
Expected: is <2047>
     but: was null
	at org.hamcrest.MatcherAssert.assertThat(MatcherAssert.java:20)
	at org.junit.Assert.assertThat(Assert.java:865)
	at org.junit.Assert.assertThat(Assert.java:832)
	at edu.sdsu.cs.datastructures.CirArrayListTest.test_add_startEmptyFrontPosition_contentsCorrect(CirArrayListTest.java:90)
]]></failure>
  </testcase>
  <testcase name="test_remove_addTwoBackRemoveOneFront_contentsCorrect" classname="edu.sdsu.cs.datastructures.CirArrayListTest" time="0.001">
    <failure message="&#10;Expected: is &lt;2048&gt;&#10;     but: was &lt;4096&gt;" type="java.lang.AssertionError"><![CDATA[java.lang.AssertionError: 
Expected: is <2048>
     but: was <4096>
	at org.hamcrest.MatcherAssert.assertThat(MatcherAssert.java:20)
	at org.junit.Assert.assertThat(Assert.java:865)
	at org.junit.Assert.assertThat(Assert.java:832)
	at edu.sdsu.cs.datastructures.CirArrayListTest.test_remove_addTwoBackRemoveOneFront_contentsCorrect(CirArrayListTest.java:133)
]]></failure>
  </testcase>
  <testcase name="test_get_indexOutOfBounds_exceptionThrown" classname="edu.sdsu.cs.datastructures.CirArrayListTest" time="0">
    <failure message="IndexOutOfBoundsException expected for &lt; 0" type="junit.framework.AssertionFailedError"><![CDATA[junit.framework.AssertionFailedError: IndexOutOfBoundsException expected for < 0
	at junit.framework.Assert.fail(Assert.java:57)
	at junit.framework.TestCase.fail(TestCase.java:227)
	at edu.sdsu.cs.datastructures.CirArrayListTest.test_get_indexOutOfBounds_exceptionThrown(CirArrayListTest.java:226)
]]></failure>
  </testcase>
  <testcase name="test_add_existingCollectionFrontPosition_contentsCorrect" classname="edu.sdsu.cs.datastructures.CirArrayListTest" time="0.001">
    <failure message="&#10;Expected: is &lt;4096&gt;&#10;     but: was &lt;2048&gt;" type="java.lang.AssertionError"><![CDATA[java.lang.AssertionError: 
Expected: is <4096>
     but: was <2048>
	at org.hamcrest.MatcherAssert.assertThat(MatcherAssert.java:20)
	at org.junit.Assert.assertThat(Assert.java:865)
	at org.junit.Assert.assertThat(Assert.java:832)
	at edu.sdsu.cs.datastructures.CirArrayListTest.test_add_existingCollectionFrontPosition_contentsCorrect(CirArrayListTest.java:101)
]]></failure>
  </testcase>
  <testcase name="test_add_startEmptyEndPosition_contentsCorrect" classname="edu.sdsu.cs.datastructures.CirArrayListTest" time="0">
    <failure message="&#10;Expected: is &lt;0&gt;&#10;     but: was null" type="java.lang.AssertionError"><![CDATA[java.lang.AssertionError: 
Expected: is <0>
     but: was null
	at org.hamcrest.MatcherAssert.assertThat(MatcherAssert.java:20)
	at org.junit.Assert.assertThat(Assert.java:865)
	at org.junit.Assert.assertThat(Assert.java:832)
	at edu.sdsu.cs.datastructures.CirArrayListTest.test_add_startEmptyEndPosition_contentsCorrect(CirArrayListTest.java:77)
]]></failure>
  </testcase>
</testsuite>